
> proofa@0.1.0 dev
> next dev

▲ Next.js 16.1.1 (Turbopack)
- Local:         http://localhost:3000
- Network:       http://192.168.1.102:3000
- Environments: .env.local

✓ Starting...
✓ Ready in 511ms
 GET /admin/ 200 in 1766ms (compile: 1417ms, render: 349ms)
 GET /dashboard/ 200 in 1737ms (compile: 1629ms, render: 107ms)
 GET /dashboard/ 200 in 58ms (compile: 4ms, render: 54ms)
 GET /projects/ 404 in 72ms (compile: 58ms, render: 14ms)
 GET /projects/ 404 in 52ms (compile: 4ms, render: 48ms)
 GET /dashboard/ 200 in 53ms (compile: 4ms, render: 49ms)
 GET /dashboard/ 200 in 11ms (compile: 2ms, render: 9ms)
 GET /admin/ 200 in 59ms (compile: 6ms, render: 53ms)
 GET / 200 in 41ms (compile: 25ms, render: 17ms)
 GET /dashboard/ 200 in 14ms (compile: 3ms, render: 11ms)
 GET /admin/ 200 in 48ms (compile: 3ms, render: 45ms)
 GET /admin/ 200 in 44ms (compile: 3ms, render: 41ms)
 GET /model-garden/ 200 in 62ms (compile: 36ms, render: 25ms)
 GET /dashboard/ 200 in 16ms (compile: 5ms, render: 11ms)
 GET /dashboard/ 200 in 14ms (compile: 4ms, render: 10ms)
 GET /dashboard/ 200 in 48ms (compile: 3ms, render: 45ms)
 GET /dashboard/ 200 in 16ms (compile: 2ms, render: 14ms)
 GET / 200 in 74ms (compile: 4ms, render: 70ms)
 GET /grid-dark.svg 404 in 37ms (compile: 4ms, render: 33ms)
✓ Compiled in 94ms
✓ Compiled in 110ms
✓ Compiled in 65ms
 GET /admin/ 200 in 25ms (compile: 5ms, render: 19ms)
 GET /dashboard/ 200 in 271ms (compile: 148ms, render: 123ms)
 GET /dashboard/ 200 in 247ms (compile: 99ms, render: 148ms)
✓ Compiled in 1ms
✓ Compiled in 23ms
 GET /dashboard/ 200 in 170ms (compile: 60ms, render: 110ms)
 GET /dashboard/ 200 in 61ms (compile: 5ms, render: 56ms)
 GET /admin/ 200 in 53ms (compile: 4ms, render: 50ms)
 GET /dashboard/ 200 in 52ms (compile: 5ms, render: 47ms)
